
[{"name":"mongo","folder":[]},{"name":"test","folder":[{"name":"test1","file":[]}]}]
[{"name":"mongo","folder":[]},{"name":"test","folder":[{"name":"test1","file":[]}]}]
[{"name":"mongo","folder":[]},{"name":"test","folder":[{"name":"test1","file":[]}]}]
[{"name":"mongo","folder":[]},{"name":"test","folder":[{"name":"test1","file":[]}]}]
[{"name":"mongo","folder":[]},{"name":"test","folder":[{"name":"test1","file":[]}]}]
[1756739183324] [{"name":"mongo","folder":[]},{"name":"test","folder":[{"name":"test1","file":[]}]}]
[1756739194942] [{"name":"mongo","folder":[]},{"name":"test","folder":[{"name":"test1","file":[]}]}]
[Mon Sep 01 2025 23:06:44 GMT+0800 (Malaysia Time)] [{"name":"mongo","folder":[]},{"name":"test","folder":[{"name":"test1","file":[]}]}]
[Mon Sep 01 2025 23:06:55 GMT+0800 (Malaysia Time)] [{"name":"mongo","folder":[]},{"name":"test","folder":[{"name":"test1","file":[]}]}]
[Mon Sep 01 2025 23:06:57 GMT+0800 (Malaysia Time)] [{"name":"mongo","folder":[]},{"name":"test","folder":[{"name":"test1","file":[]}]}]
[Mon Sep 01 2025 23:06:59 GMT+0800 (Malaysia Time)] [{"name":"mongo","folder":[]},{"name":"test","folder":[{"name":"test1","file":[]}]}]
[Mon Sep 01 2025 23:07:01 GMT+0800 (Malaysia Time)] [{"name":"mongo","folder":[]},{"name":"test","folder":[{"name":"test1","file":[]}]}]
[Mon Sep 01 2025 23:07:02 GMT+0800 (Malaysia Time)] [{"name":"mongo","folder":[]},{"name":"test","folder":[{"name":"test1","file":[]}]}]
[Mon Sep 01 2025 23:07:03 GMT+0800 (Malaysia Time)] [{"name":"mongo","folder":[]},{"name":"test","folder":[{"name":"test1","file":[]}]}]
[Mon Sep 01 2025 23:07:04 GMT+0800 (Malaysia Time)] [{"name":"mongo","folder":[]},{"name":"test","folder":[{"name":"test1","file":[]}]}]
[Mon Sep 01 2025 23:07:05 GMT+0800 (Malaysia Time)] [{"name":"mongo","folder":[]},{"name":"test","folder":[{"name":"test1","file":[]}]}]
[Mon Sep 01 2025 23:07:07 GMT+0800 (Malaysia Time)] [{"name":"mongo","folder":[]},{"name":"test","folder":[{"name":"test1","file":[]}]}]
[Mon Sep 01 2025 23:07:08 GMT+0800 (Malaysia Time)] [{"name":"mongo","folder":[]},{"name":"test","folder":[{"name":"test1","file":[]}]}]
[Mon Sep 01 2025 23:07:10 GMT+0800 (Malaysia Time)] [{"name":"mongo","folder":[]},{"name":"test","folder":[{"name":"test1","file":[]}]}]
[Mon Sep 01 2025 23:07:12 GMT+0800 (Malaysia Time)] [{"name":"mongo","folder":[]},{"name":"test","folder":[{"name":"test1","file":[]}]}]
[Mon Sep 01 2025 23:07:13 GMT+0800 (Malaysia Time)] [{"name":"mongo","folder":[]},{"name":"test","folder":[{"name":"test1","file":[]}]}]
 [Mon Sep 01 2025 23:09:52 GMT+0800 (Malaysia Time)] [{"name":"mongo","folder":[]},{"name":"test","folder":[{"name":"test1","file":[]}]}]
[Mon Sep 01 2025 23:10:07 GMT+0800 (Malaysia Time)] [{"name":"mongo","folder":[]},{"name":"test","folder":[{"name":"test1","file":[]}]}]


[Mon Sep 01 2025 23:10:16 GMT+0800 (Malaysia Time)] [{"name":"mongo","folder":[]},{"name":"test","folder":[{"name":"test1","file":[]}]}]


[Mon Sep 01 2025 23:10:21 GMT+0800 (Malaysia Time)] [{"name":"mongo","folder":[]},{"name":"test","folder":[{"name":"test1","file":[]}]}]


[Mon Sep 01 2025 23:10:31 GMT+0800 (Malaysia Time)]
[{"name":"mongo","folder":[]},{"name":"test","folder":[{"name":"test1","file":[]}]}]


[Mon Sep 01 2025 23:10:40 GMT+0800 (Malaysia Time)]
[{"name":"mongo","folder":[]},{"name":"test","folder":[{"name":"test1","file":[]}]}]


[Mon Sep 01 2025 23:10:41 GMT+0800 (Malaysia Time)]
[{"name":"mongo","folder":[]},{"name":"test","folder":[{"name":"test1","file":[]}]}]


[Mon Sep 01 2025 23:11:07 GMT+0800 (Malaysia Time)]
[{"name":"mongo","folder":[]},{"name":"test","folder":[{"name":"test1","file":[]}]}]


[Mon Sep 01 2025 23:14:46 GMT+0800 (Malaysia Time)]
[{"name":"mongo","folder":[]},{"name":"test","folder":[{"name":"test1","file":[]}]}]


[Mon Sep 01 2025 23:15:02 GMT+0800 (Malaysia Time)]
[{"name":"mongo","folder":[]},{"name":"test","folder":[{"name":"test1","file":[{"name":"test2.js"}]}]}]


[Mon Sep 01 2025 23:29:55 GMT+0800 (Malaysia Time)]
[{"name":"mongo","folder":[]},{"name":"test","folder":[{"name":"test1","file":[{"name":"test2.js"}]}]}]


[Mon Sep 01 2025 23:40:51 GMT+0800 (Malaysia Time)]
[{"name":"mongo","folder":[]},{"name":"test","folder":[{"name":"test1","file":[{"type":"Buffer","data":[101,120,112,111,114,116,32,100,101,102,97,117,108,116,32,123,13,10,32,32,32,32,110,97,109,101,58,32,34,116,101,115,116,34,44,13,10,32,32,32,32,97,108,105,97,115,58,32,34,104,101,108,108,111,32,119,111,114,108,100,34,44,13,10,32,32,32,32,101,120,101,99,117,116,101,58,32,97,115,121,110,99,32,40,41,32,61,62,32,123,13,10,32,32,32,32,32,32,32,32,114,101,116,117,114,110,32,34,72,101,108,108,111,32,87,111,114,108,100,34,13,10,32,32,32,32,125,13,10,125]}]}]}]


[Mon Sep 01 2025 23:40:59 GMT+0800 (Malaysia Time)]
[{"name":"mongo","folder":[]},{"name":"test","folder":[{"name":"test1","file":["export default {\r\n    name: \"test\",\r\n    alias: \"hello world\",\r\n    execute: async () => {\r\n        return \"Hello World\"\r\n    }\r\n}"]}]}]


[Tue Sep 02 2025 00:05:46 GMT+0800 (Malaysia Time)]
[{"name":"mongo","folder":[]},{"name":"test","folder":[{"name":"test1","file":["C:\\Users\\yinji\\Documents\\VS_code\\Full_Stack_Website_Developer\\Playground\\tutorial\\tutorial4\\example3\\function\\test\\test1\\test2.js"]}]}]


[Tue Sep 02 2025 00:06:27 GMT+0800 (Malaysia Time)]
[{"name":"mongo","folder":[]},{"name":"test","folder":[{"name":"test1","file":["file:///C:/Users/yinji/Documents/VS_code/Full_Stack_Website_Developer/Playground/tutorial/tutorial4/example3/function/test/test1/test2.js"]}]}]


[Tue Sep 02 2025 00:07:04 GMT+0800 (Malaysia Time)]
[{"name":"mongo","folder":[]},{"name":"test","folder":[{"name":"test1","file":[{"default":{"name":"test","alias":"hello world"}}]}]}]


[Tue Sep 02 2025 00:07:58 GMT+0800 (Malaysia Time)]
[object Object],[object Object]


[Tue Sep 02 2025 00:09:02 GMT+0800 (Malaysia Time)]
undefined


[Tue Sep 02 2025 00:09:06 GMT+0800 (Malaysia Time)]
undefined


[Tue Sep 02 2025 00:10:02 GMT+0800 (Malaysia Time)]
[object Object]


[Tue Sep 02 2025 00:10:13 GMT+0800 (Malaysia Time)]
[object Object]


[Tue Sep 02 2025 00:10:30 GMT+0800 (Malaysia Time)]
[object Object]


[Tue Sep 02 2025 00:10:53 GMT+0800 (Malaysia Time)]
undefined


[Tue Sep 02 2025 00:11:05 GMT+0800 (Malaysia Time)]
undefined


[Tue Sep 02 2025 00:11:17 GMT+0800 (Malaysia Time)]
[{"default":{"name":"test","alias":"hello world"}}]


[Tue Sep 02 2025 00:11:33 GMT+0800 (Malaysia Time)]
undefined


[Tue Sep 02 2025 00:11:56 GMT+0800 (Malaysia Time)]
[{"default":{"name":"test","alias":"hello world"}}]


[Tue Sep 02 2025 00:12:06 GMT+0800 (Malaysia Time)]
{"default":{"name":"test","alias":"hello world"}}


[Tue Sep 02 2025 00:12:14 GMT+0800 (Malaysia Time)]
{"name":"test","alias":"hello world"}


[Tue Sep 02 2025 00:12:19 GMT+0800 (Malaysia Time)]
"test"


[Tue Sep 02 2025 00:12:27 GMT+0800 (Malaysia Time)]
[object Object]


[Tue Sep 02 2025 00:12:38 GMT+0800 (Malaysia Time)]
async () => {
        return "Hello World"
    }


[Tue Sep 02 2025 00:12:43 GMT+0800 (Malaysia Time)]
Hello World


[Tue Sep 02 2025 00:15:06 GMT+0800 (Malaysia Time)]
Hello World


[Tue Sep 02 2025 00:15:13 GMT+0800 (Malaysia Time)]
[object Object]


[Tue Sep 02 2025 00:16:26 GMT+0800 (Malaysia Time)]
[{"name":"mongo","folder":[]},{"name":"test","folder":[{"name":"test1","file":[{"name":"test","alias":"hello world"}]}]}]


[Tue Sep 02 2025 00:17:02 GMT+0800 (Malaysia Time)]
[{"name":"mongo","folder":[]},{"name":"test","folder":[{"name":"test1","file":[{"name":"test","alias":"hello world"}]}]}]


[Tue Sep 02 2025 00:21:14 GMT+0800 (Malaysia Time)]
"Hello World"


[Tue Sep 02 2025 00:21:28 GMT+0800 (Malaysia Time)]
[{"name":"mongo","folder":[]},{"name":"test","folder":[{"name":"test1","file":[{"name":"test","alias":"hello world"}]}]}]


[Sat Sep 13 2025 00:22:01 GMT+0800 (Malaysia Time)]
[{"name":"mongo","folder":[]},{"name":"test","folder":[{"name":"test1","file":[{"name":"test","alias":"hello world"}]}]}]


[Sat Sep 13 2025 00:22:43 GMT+0800 (Malaysia Time)]
[{"name":"mongo","folder":[]},{"name":"test","folder":[{"name":"test1","file":[{"name":"test","alias":"hello world"}]}]}]


[Sat Sep 13 2025 00:29:07 GMT+0800 (Malaysia Time)]
[{"name":"mongo","folder":[]},{"name":"test","folder":[{"name":"test1","file":[{"name":"test","alias":"hello world"}]}]}]


[Sat Sep 13 2025 00:29:18 GMT+0800 (Malaysia Time)]
[{"name":"mongo","folder":[]},{"name":"test","folder":[{"name":"test1","file":[{"name":"test","alias":"hello world"}]}]}]


[Sat Sep 13 2025 00:30:04 GMT+0800 (Malaysia Time)]
[{"name":"mongo","folder":[]},{"name":"test","folder":[{"name":"test1","file":[{"name":"test","alias":"hello world"}]}]}]


[Sat Sep 13 2025 00:30:32 GMT+0800 (Malaysia Time)]
[{"name":"mongo","folder":[]},{"name":"test","folder":[{"name":"test1","file":[{"name":"test","alias":"hello world"}]}]}]


[Sat Sep 13 2025 00:30:42 GMT+0800 (Malaysia Time)]
[{"name":"mongo","folder":[]},{"name":"test","folder":[{"name":"test1","file":[{"name":"test","alias":"hello world"}]}]}]


[Sat Sep 13 2025 00:30:59 GMT+0800 (Malaysia Time)]
[{"name":"mongo","folder":[]},{"name":"test","folder":[{"name":"test1","file":[{"name":"test","alias":"hello world"}]}]}]


[Sat Sep 13 2025 00:31:07 GMT+0800 (Malaysia Time)]
[{"name":"mongo","folder":[]},{"name":"test","folder":[{"name":"test1","file":[{"name":"test","alias":"hello world"}]}]}]


[Sat Sep 13 2025 00:31:16 GMT+0800 (Malaysia Time)]
[{"name":"mongo","folder":[]},{"name":"test","folder":[{"name":"test1","file":[{"name":"test","alias":"hello world"}]}]}]


[Sat Sep 13 2025 00:31:27 GMT+0800 (Malaysia Time)]
[{"name":"mongo","folder":[]},{"name":"test","folder":[{"name":"test1","file":[{"name":"test","alias":"hello world"}]}]}]


[Sat Sep 13 2025 00:31:32 GMT+0800 (Malaysia Time)]
[{"name":"mongo","folder":[]},{"name":"test","folder":[{"name":"test1","file":[{"name":"test","alias":"hello world"}]}]}]


[Sat Sep 13 2025 00:31:43 GMT+0800 (Malaysia Time)]
[{"name":"mongo","folder":[]},{"name":"test","folder":[{"name":"test1","file":[{"name":"test","alias":"hello world"}]}]}]


[Sat Sep 13 2025 00:32:16 GMT+0800 (Malaysia Time)]
[{"name":"mongo","folder":[]},{"name":"test","folder":[{"name":"test1","file":[{"name":"test","alias":"hello world"}]}]}]


[Sat Sep 13 2025 00:32:26 GMT+0800 (Malaysia Time)]
[{"name":"mongo","folder":[]},{"name":"test","folder":[{"name":"test1","file":[{"name":"test","alias":"hello world"}]}]}]


[Sat Sep 13 2025 00:33:16 GMT+0800 (Malaysia Time)]
[{"name":"mongo","folder":[]},{"name":"test","folder":[{"name":"test1","file":[{"name":"test","alias":"hello world"}]}]}]


[Sat Sep 13 2025 00:33:39 GMT+0800 (Malaysia Time)]
[{"name":"mongo","folder":[]},{"name":"test","folder":[{"name":"test1","file":[{"name":"test","alias":"hello world"}]}]}]


[Sat Sep 13 2025 00:33:43 GMT+0800 (Malaysia Time)]
[{"name":"mongo","folder":[]},{"name":"test","folder":[{"name":"test1","file":[{"name":"test","alias":"hello world"}]}]}]


[Sat Sep 13 2025 00:34:09 GMT+0800 (Malaysia Time)]
"[{\"name\":\"mongo\",\"folder\":[]},{\"name\":\"test\",\"folder\":[{\"name\":\"test1\",\"file\":[{\"name\":\"test\",\"alias\":\"hello world\"}]}]}]"


[Sat Sep 13 2025 00:34:23 GMT+0800 (Malaysia Time)]
"[{\"name\":\"mongo\",\"folder\":[]},{\"name\":\"test\",\"folder\":[{\"name\":\"test1\",\"file\":[{\"name\":\"test\",\"alias\":\"hello world\"}]}]}]"


[Sat Sep 13 2025 00:34:28 GMT+0800 (Malaysia Time)]
"[{\"name\":\"mongo\",\"folder\":[]},{\"name\":\"test\",\"folder\":[{\"name\":\"test1\",\"file\":[{\"name\":\"test\",\"alias\":\"hello world\"}]}]}]"


[Sat Sep 13 2025 00:34:45 GMT+0800 (Malaysia Time)]
[{"name":"mongo","folder":[]},{"name":"test","folder":[{"name":"test1","file":[{"name":"test","alias":"hello world"}]}]}]


[Sat Sep 13 2025 00:34:49 GMT+0800 (Malaysia Time)]
[{"name":"mongo","folder":[]},{"name":"test","folder":[{"name":"test1","file":[{"name":"test","alias":"hello world"}]}]}]


[Sat Sep 13 2025 00:34:58 GMT+0800 (Malaysia Time)]
[{"name":"mongo","folder":[]},{"name":"test","folder":[{"name":"test1","file":[{"name":"test","alias":"hello world"}]}]}]


[Sat Sep 13 2025 00:35:10 GMT+0800 (Malaysia Time)]
[{"name":"mongo","folder":[]},{"name":"test","folder":[{"name":"test1","file":[{"name":"test","alias":"hello world"}]}]}]


[Sat Sep 13 2025 00:35:42 GMT+0800 (Malaysia Time)]
[{"name":"mongo","folder":[]},{"name":"test","folder":[{"name":"test1","file":[{"name":"test","alias":"hello world"}]}]}]


[Sat Sep 13 2025 00:35:51 GMT+0800 (Malaysia Time)]
[{"name":"mongo","folder":[]},{"name":"test","folder":[{"name":"test1","file":[{"name":"test","alias":"hello world"}]}]}]


[Sat Sep 13 2025 00:35:54 GMT+0800 (Malaysia Time)]
[{"name":"mongo","folder":[]},{"name":"test","folder":[{"name":"test1","file":[{"name":"test","alias":"hello world"}]}]}]


[Sat Sep 13 2025 00:37:05 GMT+0800 (Malaysia Time)]
[{"name":"mongo","folder":[]},{"name":"test","folder":[{"name":"test1","file":[{"name":"test","alias":"hello world"}]}]}]


[Sat Sep 13 2025 00:52:31 GMT+0800 (Malaysia Time)]
[{"name":"mongo","folder":[{"default":{"name":"test","alias":"hello world"}}]},{"name":"test","folder":[]}]


[Sat Sep 13 2025 00:52:40 GMT+0800 (Malaysia Time)]
[{"name":"mongo","folder":[{"default":{"name":"test","alias":"hello world"}}]},{"name":"test","folder":[]}]


[Sat Sep 13 2025 00:55:13 GMT+0800 (Malaysia Time)]
[{"name":"mongo","folder":[{"default":{"name":"test","alias":"hello world"}}]},{"name":"test","folder":[]}]


[Sat Sep 13 2025 00:55:26 GMT+0800 (Malaysia Time)]
[{"name":"mongo","folder":[{"default":{"name":"test","alias":"hello world"}}]},{"name":"test","folder":[]}]


[Sat Sep 13 2025 00:55:45 GMT+0800 (Malaysia Time)]
[{"name":"mongo","folder":[{"default":{"name":"test","alias":"hello world"}}]},{"name":"test","folder":[]}]


[Sat Sep 13 2025 00:57:50 GMT+0800 (Malaysia Time)]
[{"name":"mongo","folder":[{"default":{"name":"test","alias":"hello world"}}]},{"name":"test","folder":[]}]


[Sat Sep 13 2025 01:04:11 GMT+0800 (Malaysia Time)]
[{"name":"mongo","folder":[{"default":{"name":"test","alias":["hello world"]}}]},{"name":"test","folder":[]}]


[Sat Sep 13 2025 01:04:39 GMT+0800 (Malaysia Time)]
[{"name":"mongo","folder":[{"default":{"name":"test","alias":["hello world"]}}]},{"name":"test","folder":[]}]


[Sun Sep 14 2025 22:45:52 GMT+0800 (Malaysia Time)]
[{"name":"mongo","folder":[{"default":{"name":"test","alias":"helloworld"}}]},{"name":"test","folder":[]}]


[Sun Sep 14 2025 22:46:33 GMT+0800 (Malaysia Time)]
[{"name":"mongo","folder":[{"default":{"name":"test","alias":"helloworld"}}]},{"name":"test","folder":[]}]


[Sun Sep 14 2025 22:47:29 GMT+0800 (Malaysia Time)]
[{"name":"mongo","folder":[{"default":{"name":"test","alias":"helloworld"}}]},{"name":"test","folder":[]}]


[Sun Sep 14 2025 22:47:50 GMT+0800 (Malaysia Time)]
[{"name":"mongo","folder":[{"default":{"name":"test","alias":"helloworld"}}]},{"name":"test","folder":[]}]


[Sun Sep 14 2025 22:48:12 GMT+0800 (Malaysia Time)]
[{"name":"mongo","folder":[{"default":{"name":"test","alias":"helloworld"}}]},{"name":"test","folder":[]}]


[Sun Sep 14 2025 22:50:40 GMT+0800 (Malaysia Time)]
[{"name":"mongo","folder":[{"default":{"name":"test","alias":"helloworld"}},{"default":{"name":"ping"}}]},{"name":"test","folder":[]}]


[Sun Sep 14 2025 22:51:08 GMT+0800 (Malaysia Time)]
[{"name":"mongo","folder":[{"default":{"name":"test","alias":"helloworld"}},{"default":{"name":"ping"}}]},{"name":"test","folder":[]}]


[Sun Sep 14 2025 22:54:20 GMT+0800 (Malaysia Time)]
[{"name":"mongo","folder":[{"default":{"name":"test","alias":"helloworld"}},{"default":{"name":"ping"}}]},{"name":"test","folder":[]}]


[Sun Sep 14 2025 22:54:38 GMT+0800 (Malaysia Time)]
[{"name":"mongo","folder":[{"default":{"name":"test","alias":"helloworld"}},{"default":{"name":"ping"}}]},{"name":"test","folder":[]}]


[Sun Sep 14 2025 23:01:00 GMT+0800 (Malaysia Time)]
[{"name":"mongo","folder":[{"default":{"name":"test","alias":"helloworld"}},{"default":{"name":"ping"}}]},{"name":"test","folder":[]}]


[Sun Sep 14 2025 23:01:33 GMT+0800 (Malaysia Time)]
[{"name":"mongo","folder":[{"default":{"name":"test","alias":"helloworld"}},{"default":{"name":"ping"}}]},{"name":"test","folder":[]}]


[Sun Sep 14 2025 23:02:46 GMT+0800 (Malaysia Time)]
[{"name":"mongo","folder":[{"default":{"name":"test","alias":"helloworld","call_name":""}},{"default":{"name":"ping","call_name":""}}]},{"name":"test","folder":[]}]


[Sun Sep 14 2025 23:02:53 GMT+0800 (Malaysia Time)]
[{"name":"mongo","folder":[{"default":{"name":"test","alias":"helloworld","call_name":"k"}},{"default":{"name":"ping","call_name":"k"}}]},{"name":"test","folder":[]}]


[Sun Sep 14 2025 23:03:35 GMT+0800 (Malaysia Time)]
[{"name":"mongo","folder":[{"default":{"name":"test","alias":"helloworld"}},{"default":{"name":"ping"}}]},{"name":"test","folder":[]}]


[Sun Sep 14 2025 23:03:51 GMT+0800 (Malaysia Time)]
[{"name":"mongo","folder":[{"default":{"name":"test","alias":"helloworld"}},{"default":{"name":"ping"}}]},{"name":"test","folder":[]}]


[Sun Sep 14 2025 23:04:07 GMT+0800 (Malaysia Time)]
[{"name":"mongo","folder":[{"default":{"name":"test","alias":"helloworld"}},{"default":{"name":"ping"}}]},{"name":"test","folder":[]}]


[Sun Sep 14 2025 23:04:16 GMT+0800 (Malaysia Time)]
[{"name":"mongo","folder":[{"default":{"name":"test","alias":"helloworld","call_name":""}},{"default":{"name":"ping","call_name":""}}]},{"name":"test","folder":[]}]


[Sun Sep 14 2025 23:04:23 GMT+0800 (Malaysia Time)]
[{"name":"mongo","folder":[{"default":{"name":"test","alias":"helloworld","call_name":""}},{"default":{"name":"ping","call_name":""}}]},{"name":"test","folder":[]}]


[Sun Sep 14 2025 23:06:26 GMT+0800 (Malaysia Time)]
[{"name":"mongo","folder":[{"default":{"name":"test","alias":"helloworld"}},{"default":{"name":"ping"}}]},{"name":"test","folder":[]}]


[Sun Sep 14 2025 23:11:37 GMT+0800 (Malaysia Time)]
[{"name":"mongo","folder":[{"default":{"name":"test","alias":"helloworld"}},{"default":{"name":"ping"}}]},{"name":"test","folder":[]}]


[Sun Sep 14 2025 23:11:44 GMT+0800 (Malaysia Time)]
[{"name":"mongo","folder":[{"default":{"name":"test","alias":"helloworld"}},{"default":{"name":"ping"}}]},{"name":"test","folder":[]}]


[Sun Sep 14 2025 23:12:30 GMT+0800 (Malaysia Time)]
[{"name":"mongo","folder":[{"default":{"name":"test","alias":"helloworld"}},{"default":{"name":"ping"}}]},{"name":"test","folder":[]}]


[Mon Sep 15 2025 00:25:29 GMT+0800 (Malaysia Time)]
[{"name":"mongo","folder":[{"name":"test","alias":"helloworld"},{"name":"ping"}]},{"name":"test","folder":[]}]


[Mon Sep 15 2025 00:25:38 GMT+0800 (Malaysia Time)]
[{"name":"mongo","folder":[{"name":"test","alias":"helloworld"},{"name":"ping"}]},{"name":"test","folder":[]}]


[Mon Sep 15 2025 00:29:05 GMT+0800 (Malaysia Time)]
[{"name":"mongo","folder":[{"name":"test","alias":"helloworld"},{"name":"ping"}]},{"name":"test","folder":[]}]


[Mon Sep 15 2025 00:29:23 GMT+0800 (Malaysia Time)]
[{"name":"test","alias":"helloworld","call_name":"mongo/test"},{"name":"ping","call_name":"mongo/ping"}]


[Mon Sep 15 2025 00:32:59 GMT+0800 (Malaysia Time)]
[{"name":"test","alias":"helloworld","call_name":"mongo/test"},{"name":"ping","call_name":"mongo/ping"}]


[Mon Sep 15 2025 00:52:46 GMT+0800 (Malaysia Time)]
[{"name":"test","alias":"helloworld","call_name":"mongo/test"},{"name":"ping","call_name":"mongo/ping"}]


[Mon Sep 15 2025 00:57:35 GMT+0800 (Malaysia Time)]
[{"name":"test","alias":"helloworld","call_name":"mongo/test"},{"name":"ping","call_name":"mongo/ping"}]


[Mon Sep 15 2025 01:03:23 GMT+0800 (Malaysia Time)]
[{"name":"test","alias":"helloworld","call_name":"mongo/test"},{"name":"ping","call_name":"mongo/ping"}]


[Mon Sep 15 2025 01:12:00 GMT+0800 (Malaysia Time)]
[null,null]


[Mon Sep 15 2025 01:12:38 GMT+0800 (Malaysia Time)]
[{"name":"mongo/test","value":"test"},{"name":"mongo/undefined","value":"test"},{"name":"mongo/ping","value":"ping"}]


[Mon Sep 15 2025 01:14:05 GMT+0800 (Malaysia Time)]
[{"name":"mongo/test","value":"test"},{"name":"mongo/helloworld","value":"test"},{"name":"mongo/ping","value":"ping"}]


[Mon Sep 15 2025 01:15:57 GMT+0800 (Malaysia Time)]
"test"


[Mon Sep 15 2025 01:16:19 GMT+0800 (Malaysia Time)]
"test"


[Mon Sep 15 2025 01:17:52 GMT+0800 (Malaysia Time)]
"test"


[Mon Sep 15 2025 01:25:01 GMT+0800 (Malaysia Time)]
undefined


[Mon Sep 15 2025 01:25:12 GMT+0800 (Malaysia Time)]
[{"name":"test","alias":["helloworld"],"call_name":["mongo/test","mongo/helloworld"]},{"name":"ping","call_name":["mongo/ping"]}]


[Mon Sep 15 2025 01:25:26 GMT+0800 (Malaysia Time)]
[{"name":"test","alias":["helloworld"],"call_name":["mongo/test","mongo/helloworld"]},{"name":"ping","call_name":["mongo/ping"]}]


[Mon Sep 15 2025 01:27:29 GMT+0800 (Malaysia Time)]
[{"name":"test","alias":["helloworld"],"call_name":["mongo/test","mongo/helloworld"]},{"name":"ping","call_name":["mongo/ping"]}]


[Mon Sep 15 2025 01:28:01 GMT+0800 (Malaysia Time)]
[{"name":"test","alias":["helloworld"],"call_name":["mongo/test","mongo/helloworld"]},{"name":"ping","call_name":["mongo/ping"]}]


[Mon Sep 15 2025 01:30:06 GMT+0800 (Malaysia Time)]
[{"name":"test","alias":["helloworld"],"call_name":["mongo/test","mongo/helloworld"]},{"name":"ping","call_name":["mongo/ping"]}]


[Mon Sep 15 2025 01:30:28 GMT+0800 (Malaysia Time)]
{"name":"test","alias":["helloworld"],"call_name":["mongo/test","mongo/helloworld"]}


[Mon Sep 15 2025 01:30:39 GMT+0800 (Malaysia Time)]
undefined


[Mon Sep 15 2025 01:30:56 GMT+0800 (Malaysia Time)]
"Done"


[Mon Sep 15 2025 01:30:59 GMT+0800 (Malaysia Time)]
"Done"


[Mon Sep 15 2025 01:33:10 GMT+0800 (Malaysia Time)]
"Done"


[Mon Sep 15 2025 13:46:42 GMT+0800 (Malaysia Time)]
"Done"


[Mon Sep 15 2025 13:47:03 GMT+0800 (Malaysia Time)]
"Done"


[Mon Sep 15 2025 13:47:07 GMT+0800 (Malaysia Time)]
"Done"


[Mon Sep 15 2025 13:58:32 GMT+0800 (Malaysia Time)]
"Done"


[Mon Sep 15 2025 13:58:35 GMT+0800 (Malaysia Time)]
"Done"


[Mon Sep 15 2025 13:59:37 GMT+0800 (Malaysia Time)]
{"_id":"#101","name":"Chau Kai Lin","email":"kailinu@gmail.com","address":{"street":"MountKiara","state":"Selangor","country":"Malaysia","code":"40400"}}


[Mon Sep 15 2025 13:59:42 GMT+0800 (Malaysia Time)]
{"user_data":{"_id":"#101","name":"Chau Kai Lin","email":"kailinu@gmail.com","addres":"#A01"},"address_data":{"_id":"#A01","street":"MountKiara","state":"Selangor","country":"Malaysia","code":"40400"}}